2022-05-16 16:59:08,521 INFO org.springframework.boot.StartupInfoLogger [main] Starting ActivityApplicationTests using Java 11.0.2 on DESKTOP-PQQEM5B with PID 17192 (started by march in E:\work\activity\activity)
2022-05-16 16:59:08,524 INFO org.springframework.boot.SpringApplication [main] No active profile set, falling back to 1 default profile: "default"
2022-05-16 16:59:10,144 INFO com.zaxxer.hikari.HikariDataSource [main] HikariPool-1 - Starting...
2022-05-16 16:59:10,601 INFO com.zaxxer.hikari.HikariDataSource [main] HikariPool-1 - Start completed.
2022-05-16 16:59:11,219 INFO org.springframework.orm.jpa.AbstractEntityManagerFactoryBean [main] Initialized JPA EntityManagerFactory for persistence unit 'default'
2022-05-16 16:59:11,639 WARN org.springframework.boot.autoconfigure.orm.jpa.JpaBaseConfiguration$JpaWebConfiguration [main] spring.jpa.open-in-view is enabled by default. Therefore, database queries may be performed during view rendering. Explicitly configure spring.jpa.open-in-view to disable this warning
2022-05-16 16:59:12,328 INFO org.springframework.boot.StartupInfoLogger [main] Started ActivityApplicationTests in 4.132 seconds (JVM running for 4.951)
2022-05-16 16:59:12,445 INFO org.springframework.orm.jpa.AbstractEntityManagerFactoryBean [SpringApplicationShutdownHook] Closing JPA EntityManagerFactory for persistence unit 'default'
2022-05-16 16:59:12,454 INFO com.zaxxer.hikari.HikariDataSource [SpringApplicationShutdownHook] HikariPool-1 - Shutdown initiated...
2022-05-16 16:59:12,466 INFO com.zaxxer.hikari.HikariDataSource [SpringApplicationShutdownHook] HikariPool-1 - Shutdown completed.
2022-05-16 16:59:22,053 INFO org.springframework.boot.StartupInfoLogger [main] Starting ActivityApplication using Java 11.0.2 on DESKTOP-PQQEM5B with PID 3644 (E:\work\activity\activity\target\classes started by march in E:\work\activity\activity)
2022-05-16 16:59:22,055 INFO org.springframework.boot.SpringApplication [main] No active profile set, falling back to 1 default profile: "default"
2022-05-16 16:59:22,818 INFO org.springframework.boot.web.embedded.tomcat.TomcatWebServer [main] Tomcat initialized with port(s): 8080 (http)
2022-05-16 16:59:22,824 INFO org.apache.juli.logging.DirectJDKLog [main] Initializing ProtocolHandler ["http-nio-8080"]
2022-05-16 16:59:22,824 INFO org.apache.juli.logging.DirectJDKLog [main] Starting service [Tomcat]
2022-05-16 16:59:22,824 INFO org.apache.juli.logging.DirectJDKLog [main] Starting Servlet engine: [Apache Tomcat/9.0.62]
2022-05-16 16:59:22,897 INFO org.apache.juli.logging.DirectJDKLog [main] Initializing Spring embedded WebApplicationContext
2022-05-16 16:59:22,897 INFO org.springframework.boot.web.servlet.context.ServletWebServerApplicationContext [main] Root WebApplicationContext: initialization completed in 817 ms
2022-05-16 16:59:23,175 INFO com.zaxxer.hikari.HikariDataSource [main] HikariPool-1 - Starting...
2022-05-16 16:59:23,318 INFO com.zaxxer.hikari.HikariDataSource [main] HikariPool-1 - Start completed.
2022-05-16 16:59:23,648 INFO org.springframework.orm.jpa.AbstractEntityManagerFactoryBean [main] Initialized JPA EntityManagerFactory for persistence unit 'default'
2022-05-16 16:59:23,863 WARN org.springframework.boot.autoconfigure.orm.jpa.JpaBaseConfiguration$JpaWebConfiguration [main] spring.jpa.open-in-view is enabled by default. Therefore, database queries may be performed during view rendering. Explicitly configure spring.jpa.open-in-view to disable this warning
2022-05-16 16:59:24,325 INFO org.apache.juli.logging.DirectJDKLog [main] Starting ProtocolHandler ["http-nio-8080"]
2022-05-16 16:59:24,339 INFO org.springframework.boot.web.embedded.tomcat.TomcatWebServer [main] Tomcat started on port(s): 8080 (http) with context path ''
2022-05-16 16:59:24,347 INFO org.springframework.boot.StartupInfoLogger [main] Started ActivityApplication in 2.564 seconds (JVM running for 3.058)
2022-05-16 16:59:37,973 INFO org.apache.juli.logging.DirectJDKLog [http-nio-8080-exec-2] Initializing Spring DispatcherServlet 'dispatcherServlet'
2022-05-16 16:59:38,007 TRACE org.springframework.transaction.interceptor.TransactionAspectSupport [http-nio-8080-exec-2] Getting transaction for [org.springframework.data.jpa.repository.support.SimpleJpaRepository.findAll]
2022-05-16 16:59:38,137 TRACE org.springframework.transaction.interceptor.TransactionAspectSupport [http-nio-8080-exec-2] Completing transaction for [org.springframework.data.jpa.repository.support.SimpleJpaRepository.findAll]
2022-05-16 17:00:03,403 TRACE org.springframework.transaction.interceptor.TransactionAspectSupport [http-nio-8080-exec-3] Getting transaction for [org.springframework.data.jpa.repository.support.SimpleJpaRepository.findAll]
2022-05-16 17:00:03,429 TRACE org.springframework.transaction.interceptor.TransactionAspectSupport [http-nio-8080-exec-3] Completing transaction for [org.springframework.data.jpa.repository.support.SimpleJpaRepository.findAll]
2022-05-16 17:00:11,858 INFO org.springframework.orm.jpa.AbstractEntityManagerFactoryBean [SpringApplicationShutdownHook] Closing JPA EntityManagerFactory for persistence unit 'default'
2022-05-16 17:00:11,860 INFO com.zaxxer.hikari.HikariDataSource [SpringApplicationShutdownHook] HikariPool-1 - Shutdown initiated...
2022-05-16 17:00:11,868 INFO com.zaxxer.hikari.HikariDataSource [SpringApplicationShutdownHook] HikariPool-1 - Shutdown completed.
2022-05-16 17:00:22,253 INFO org.springframework.boot.StartupInfoLogger [main] Starting ActivityApplicationTests using Java 11.0.2 on DESKTOP-PQQEM5B with PID 15064 (started by march in E:\work\activity\activity)
2022-05-16 17:00:22,255 INFO org.springframework.boot.SpringApplication [main] No active profile set, falling back to 1 default profile: "default"
2022-05-16 17:00:23,664 INFO com.zaxxer.hikari.HikariDataSource [main] HikariPool-1 - Starting...
2022-05-16 17:00:23,937 INFO com.zaxxer.hikari.HikariDataSource [main] HikariPool-1 - Start completed.
2022-05-16 17:00:24,429 INFO org.springframework.orm.jpa.AbstractEntityManagerFactoryBean [main] Initialized JPA EntityManagerFactory for persistence unit 'default'
2022-05-16 17:00:24,830 WARN org.springframework.boot.autoconfigure.orm.jpa.JpaBaseConfiguration$JpaWebConfiguration [main] spring.jpa.open-in-view is enabled by default. Therefore, database queries may be performed during view rendering. Explicitly configure spring.jpa.open-in-view to disable this warning
2022-05-16 17:00:25,602 INFO org.springframework.boot.StartupInfoLogger [main] Started ActivityApplicationTests in 3.624 seconds (JVM running for 4.314)
2022-05-16 17:00:25,730 INFO org.springframework.orm.jpa.AbstractEntityManagerFactoryBean [SpringApplicationShutdownHook] Closing JPA EntityManagerFactory for persistence unit 'default'
2022-05-16 17:00:25,734 INFO com.zaxxer.hikari.HikariDataSource [SpringApplicationShutdownHook] HikariPool-1 - Shutdown initiated...
2022-05-16 17:00:25,745 INFO com.zaxxer.hikari.HikariDataSource [SpringApplicationShutdownHook] HikariPool-1 - Shutdown completed.
2022-05-16 17:01:20,600 INFO org.springframework.boot.StartupInfoLogger [main] Starting ActivityApplication using Java 11.0.2 on DESKTOP-PQQEM5B with PID 9364 (E:\work\activity\activity\target\classes started by march in E:\work\activity\activity)
2022-05-16 17:01:20,602 INFO org.springframework.boot.SpringApplication [main] No active profile set, falling back to 1 default profile: "default"
2022-05-16 17:01:21,348 INFO org.springframework.boot.web.embedded.tomcat.TomcatWebServer [main] Tomcat initialized with port(s): 8080 (http)
2022-05-16 17:01:21,353 INFO org.apache.juli.logging.DirectJDKLog [main] Initializing ProtocolHandler ["http-nio-8080"]
2022-05-16 17:01:21,353 INFO org.apache.juli.logging.DirectJDKLog [main] Starting service [Tomcat]
2022-05-16 17:01:21,353 INFO org.apache.juli.logging.DirectJDKLog [main] Starting Servlet engine: [Apache Tomcat/9.0.62]
2022-05-16 17:01:21,421 INFO org.apache.juli.logging.DirectJDKLog [main] Initializing Spring embedded WebApplicationContext
2022-05-16 17:01:21,421 INFO org.springframework.boot.web.servlet.context.ServletWebServerApplicationContext [main] Root WebApplicationContext: initialization completed in 795 ms
2022-05-16 17:01:21,696 INFO com.zaxxer.hikari.HikariDataSource [main] HikariPool-1 - Starting...
2022-05-16 17:01:21,841 INFO com.zaxxer.hikari.HikariDataSource [main] HikariPool-1 - Start completed.
2022-05-16 17:01:22,169 INFO org.springframework.orm.jpa.AbstractEntityManagerFactoryBean [main] Initialized JPA EntityManagerFactory for persistence unit 'default'
2022-05-16 17:01:22,376 WARN org.springframework.boot.autoconfigure.orm.jpa.JpaBaseConfiguration$JpaWebConfiguration [main] spring.jpa.open-in-view is enabled by default. Therefore, database queries may be performed during view rendering. Explicitly configure spring.jpa.open-in-view to disable this warning
2022-05-16 17:01:22,839 INFO org.apache.juli.logging.DirectJDKLog [main] Starting ProtocolHandler ["http-nio-8080"]
2022-05-16 17:01:22,852 INFO org.springframework.boot.web.embedded.tomcat.TomcatWebServer [main] Tomcat started on port(s): 8080 (http) with context path ''
2022-05-16 17:01:22,860 INFO org.springframework.boot.StartupInfoLogger [main] Started ActivityApplication in 2.528 seconds (JVM running for 2.988)
2022-05-16 17:01:29,906 INFO org.apache.juli.logging.DirectJDKLog [http-nio-8080-exec-1] Initializing Spring DispatcherServlet 'dispatcherServlet'
2022-05-16 17:01:29,939 TRACE org.springframework.transaction.interceptor.TransactionAspectSupport [http-nio-8080-exec-1] Getting transaction for [org.springframework.data.jpa.repository.support.SimpleJpaRepository.findAll]
2022-05-16 17:01:30,085 TRACE org.springframework.transaction.interceptor.TransactionAspectSupport [http-nio-8080-exec-1] Completing transaction for [org.springframework.data.jpa.repository.support.SimpleJpaRepository.findAll]
2022-05-16 17:01:40,740 TRACE org.springframework.transaction.interceptor.TransactionAspectSupport [http-nio-8080-exec-3] Getting transaction for [org.springframework.data.jpa.repository.support.SimpleJpaRepository.findAll]
2022-05-16 17:01:40,762 TRACE org.springframework.transaction.interceptor.TransactionAspectSupport [http-nio-8080-exec-3] Completing transaction for [org.springframework.data.jpa.repository.support.SimpleJpaRepository.findAll]
2022-05-16 17:01:47,749 TRACE org.springframework.transaction.interceptor.TransactionAspectSupport [http-nio-8080-exec-4] Getting transaction for [org.springframework.data.jpa.repository.support.SimpleJpaRepository.findAll]
2022-05-16 17:01:47,761 TRACE org.springframework.transaction.interceptor.TransactionAspectSupport [http-nio-8080-exec-4] Completing transaction for [org.springframework.data.jpa.repository.support.SimpleJpaRepository.findAll]
2022-05-16 17:01:55,747 TRACE org.springframework.transaction.interceptor.TransactionAspectSupport [http-nio-8080-exec-5] Getting transaction for [org.springframework.data.jpa.repository.support.SimpleJpaRepository.findAll]
2022-05-16 17:01:55,771 TRACE org.springframework.transaction.interceptor.TransactionAspectSupport [http-nio-8080-exec-5] Completing transaction for [org.springframework.data.jpa.repository.support.SimpleJpaRepository.findAll]
2022-05-16 17:02:05,103 TRACE org.springframework.transaction.interceptor.TransactionAspectSupport [http-nio-8080-exec-6] Getting transaction for [org.springframework.data.jpa.repository.support.SimpleJpaRepository.findAll]
2022-05-16 17:02:05,124 TRACE org.springframework.transaction.interceptor.TransactionAspectSupport [http-nio-8080-exec-6] Completing transaction for [org.springframework.data.jpa.repository.support.SimpleJpaRepository.findAll]
2022-05-16 17:02:11,432 TRACE org.springframework.transaction.interceptor.TransactionAspectSupport [http-nio-8080-exec-7] Getting transaction for [org.springframework.data.jpa.repository.support.SimpleJpaRepository.findAll]
2022-05-16 17:02:11,486 TRACE org.springframework.transaction.interceptor.TransactionAspectSupport [http-nio-8080-exec-7] Completing transaction for [org.springframework.data.jpa.repository.support.SimpleJpaRepository.findAll]
2022-05-16 17:02:16,674 TRACE org.springframework.transaction.interceptor.TransactionAspectSupport [http-nio-8080-exec-8] Getting transaction for [org.springframework.data.jpa.repository.support.SimpleJpaRepository.findAll]
2022-05-16 17:02:16,699 TRACE org.springframework.transaction.interceptor.TransactionAspectSupport [http-nio-8080-exec-8] Completing transaction for [org.springframework.data.jpa.repository.support.SimpleJpaRepository.findAll]
2022-05-16 17:02:22,479 TRACE org.springframework.transaction.interceptor.TransactionAspectSupport [http-nio-8080-exec-9] Getting transaction for [org.springframework.data.jpa.repository.support.SimpleJpaRepository.findAll]
2022-05-16 17:02:22,503 TRACE org.springframework.transaction.interceptor.TransactionAspectSupport [http-nio-8080-exec-9] Completing transaction for [org.springframework.data.jpa.repository.support.SimpleJpaRepository.findAll]
2022-05-16 17:02:29,159 TRACE org.springframework.transaction.interceptor.TransactionAspectSupport [http-nio-8080-exec-10] Getting transaction for [org.springframework.data.jpa.repository.support.SimpleJpaRepository.findAll]
2022-05-16 17:02:29,208 TRACE org.springframework.transaction.interceptor.TransactionAspectSupport [http-nio-8080-exec-10] Completing transaction for [org.springframework.data.jpa.repository.support.SimpleJpaRepository.findAll]
2022-05-16 17:02:34,685 TRACE org.springframework.transaction.interceptor.TransactionAspectSupport [http-nio-8080-exec-2] Getting transaction for [org.springframework.data.jpa.repository.support.SimpleJpaRepository.findAll]
2022-05-16 17:02:34,709 TRACE org.springframework.transaction.interceptor.TransactionAspectSupport [http-nio-8080-exec-2] Completing transaction for [org.springframework.data.jpa.repository.support.SimpleJpaRepository.findAll]
2022-05-16 17:02:37,773 INFO org.springframework.orm.jpa.AbstractEntityManagerFactoryBean [SpringApplicationShutdownHook] Closing JPA EntityManagerFactory for persistence unit 'default'
2022-05-16 17:02:37,775 INFO com.zaxxer.hikari.HikariDataSource [SpringApplicationShutdownHook] HikariPool-1 - Shutdown initiated...
2022-05-16 17:02:37,784 INFO com.zaxxer.hikari.HikariDataSource [SpringApplicationShutdownHook] HikariPool-1 - Shutdown completed.
